[0m11:05:24.503502 [debug] [MainThread]: Sending event: {'category': 'dbt', 'action': 'invocation', 'label': 'start', 'context': [<snowplow_tracker.self_describing_json.SelfDescribingJson object at 0x771b419c0d00>, <snowplow_tracker.self_describing_json.SelfDescribingJson object at 0x771b3fcfc2e0>, <snowplow_tracker.self_describing_json.SelfDescribingJson object at 0x771b3fcfc280>]}


============================== 11:05:24.505909 | 1a8f2ee8-d25d-4dab-9c0f-61ca52a050ce ==============================
[0m11:05:24.505909 [info ] [MainThread]: Running with dbt=1.7.12
[0m11:05:24.506378 [debug] [MainThread]: running dbt with arguments {'printer_width': '80', 'indirect_selection': 'eager', 'log_cache_events': 'False', 'write_json': 'True', 'partial_parse': 'True', 'cache_selected_only': 'False', 'warn_error': 'None', 'debug': 'False', 'version_check': 'True', 'log_path': 'logs', 'profiles_dir': '/home/amirjon/.dbt', 'fail_fast': 'False', 'use_colors': 'True', 'use_experimental_parser': 'False', 'no_print': 'None', 'quiet': 'False', 'log_format': 'default', 'introspect': 'True', 'static_parser': 'True', 'invocation_command': 'dbt init', 'target_path': 'None', 'warn_error_options': 'WarnErrorOptions(include=[], exclude=[])', 'send_anonymous_usage_stats': 'True'}
[0m11:05:24.506757 [warn ] [MainThread]: [ConfigFolderDirectory]: Unable to parse dict {'dir': PosixPath('/home/amirjon/.dbt')}
[0m11:05:24.507090 [info ] [MainThread]: Creating dbt configuration folder at 
[0m11:05:39.864435 [debug] [MainThread]: Starter project path: /home/amirjon/.local/lib/python3.10/site-packages/dbt/include/starter_project
[0m11:05:39.869602 [info ] [MainThread]: 
Your new dbt project "data_pipeline" was created!

For more information on how to configure the profiles.yml file,
please consult the dbt documentation here:

  https://docs.getdbt.com/docs/configure-your-profile

One more thing:

Need help? Don't hesitate to reach out to us via GitHub issues or on Slack:

  https://community.getdbt.com/

Happy modeling!

[0m11:05:39.870840 [info ] [MainThread]: Setting up your profile.
[0m11:08:58.449442 [info ] [MainThread]: Profile data_pipeline written to /home/amirjon/.dbt/profiles.yml using target's profile_template.yml and your supplied values. Run 'dbt debug' to validate the connection.
[0m11:08:58.450400 [debug] [MainThread]: Resource report: {"command_name": "init", "command_success": true, "command_wall_clock_time": 213.94843, "process_user_time": 1.852203, "process_kernel_time": 0.578308, "process_mem_max_rss": "178836", "process_in_blocks": "5664", "process_out_blocks": "80"}
[0m11:08:58.451116 [debug] [MainThread]: Command `dbt init` succeeded at 11:08:58.450885 after 213.95 seconds
[0m11:08:58.451534 [debug] [MainThread]: Sending event: {'category': 'dbt', 'action': 'invocation', 'label': 'end', 'context': [<snowplow_tracker.self_describing_json.SelfDescribingJson object at 0x771b419c0d00>, <snowplow_tracker.self_describing_json.SelfDescribingJson object at 0x771b3fcfc400>, <snowplow_tracker.self_describing_json.SelfDescribingJson object at 0x771b3fcfc1c0>]}
[0m11:08:58.451961 [debug] [MainThread]: Flushing usage events
